\BOOKMARK [0][-]{chapter.1}{Robot State Collector}{}% 1
\BOOKMARK [1][-]{section.1.1}{Abstract}{chapter.1}% 2
\BOOKMARK [1][-]{section.1.2}{Completion status}{chapter.1}% 3
\BOOKMARK [1][-]{section.1.3}{Hardware parts used}{chapter.1}% 4
\BOOKMARK [1][-]{section.1.4}{Software used}{chapter.1}% 5
\BOOKMARK [1][-]{section.1.5}{Assembly of hardware}{chapter.1}% 6
\BOOKMARK [2][-]{subsection.1.5.1}{Firebird V Robot}{section.1.5}% 7
\BOOKMARK [2][-]{subsection.1.5.2}{Tiva robot}{section.1.5}% 8
\BOOKMARK [2][-]{subsection.1.5.3}{Steps for assembling Tiva robot}{section.1.5}% 9
\BOOKMARK [1][-]{section.1.6}{Software and Code}{chapter.1}% 10
\BOOKMARK [2][-]{subsection.1.6.1}{Sate Collection code For Firebird V Robot}{section.1.6}% 11
\BOOKMARK [2][-]{subsection.1.6.2}{Sate Collection code For TIVA Robot}{section.1.6}% 12
\BOOKMARK [2][-]{subsection.1.6.3}{GUI}{section.1.6}% 13
\BOOKMARK [1][-]{section.1.7}{Use and Demo}{chapter.1}% 14
\BOOKMARK [2][-]{subsection.1.7.1}{Steps for merging the State Collection Code with User's Code for Firebird V}{section.1.7}% 15
\BOOKMARK [2][-]{subsection.1.7.2}{Steps for merging the State Collection Code with User's Code for TIVA bot}{section.1.7}% 16
\BOOKMARK [2][-]{subsection.1.7.3}{Steps for using the GUI}{section.1.7}% 17
\BOOKMARK [1][-]{section.1.8}{Future Work}{chapter.1}% 18
\BOOKMARK [1][-]{section.1.9}{Bug report and Challenges}{chapter.1}% 19
\BOOKMARK [2][-]{subsection.1.9.1}{Bugs:}{section.1.9}% 20
\BOOKMARK [2][-]{subsection.1.9.2}{Challenges:}{section.1.9}% 21
