This is pdfTeX, Version 3.14159265-2.6-1.40.17 (MiKTeX 2.9 64-bit) (preloaded format=pdflatex 2016.6.23)  20 JUL 2016 01:21
entering extended mode
**C:/Users/Hp/Desktop/report_eYSIP/Robot_State_Collector.tex
(C:/Users/Hp/Desktop/report_eYSIP/Robot_State_Collector.tex
LaTeX2e <2016/03/31>
Babel <3.9r> and hyphenation patterns for 75 language(s) loaded.
(C:\localtex\tex\latex\base\book.cls
Document Class: book 2014/09/29 v1.4h Standard LaTeX document class
(C:\localtex\tex\latex\base\bk12.clo
File: bk12.clo 2014/09/29 v1.4h Standard LaTeX file (size option)
)
\c@part=\count79
\c@chapter=\count80
\c@section=\count81
\c@subsection=\count82
\c@subsubsection=\count83
\c@paragraph=\count84
\c@subparagraph=\count85
\c@figure=\count86
\c@table=\count87
\abovecaptionskip=\skip41
\belowcaptionskip=\skip42
\bibindent=\dimen102
) (C:\localtex\tex\generic\babel\babel.sty
Package: babel 2016/04/23 3.9r The Babel package
*************************************
* Local config file bblopts.cfg used
*
(C:\localtex\tex\latex\arabi\bblopts.cfg
File: bblopts.cfg 2005/09/08 v0.1 add Arabic and Farsi to "declared" options of
 babel
)
(C:\localtex\tex\latex\babel-english\english.ldf
Language: english 2012/08/20 v3.3p English support from the babel system

(C:\localtex\tex\generic\babel\babel.def
File: babel.def 2016/04/23 3.9r Babel common definitions
\babel@savecnt=\count88
\U@D=\dimen103
)
\l@canadian = a dialect from \language\l@american 
\l@australian = a dialect from \language\l@british 
\l@newzealand = a dialect from \language\l@british 
))
(C:\localtex\tex\latex\blindtext\blindtext.sty
Package: blindtext 2012/01/06 V2.0 blindtext-Package

(C:\localtex\tex\latex\tools\xspace.sty
Package: xspace 2014/10/28 v1.13 Space after command names (DPC,MH)
)
\c@blindtext=\count89
\c@Blindtext=\count90
\c@blind@countparstart=\count91
\blind@countxx=\count92
\blindtext@numBlindtext=\count93
\blind@countyy=\count94
\c@blindlist=\count95
\c@blindlistlevel=\count96
\c@blindlist@level=\count97
\blind@listitem=\count98
\c@blind@listcount=\count99
\c@blind@levelcount=\count100
\blind@mathformula=\count101
\blind@Mathformula=\count102
\c@blind@randomcount=\count103
\c@blind@randommax=\count104
\c@blind@pangramcount=\count105
\c@blind@pangrammax=\count106
)
(C:\localtex\tex\latex\hyperref\hyperref.sty
Package: hyperref 2016/05/21 v6.83p Hypertext links for LaTeX

(C:\localtex\tex\generic\oberdiek\hobsub-hyperref.sty
Package: hobsub-hyperref 2016/05/16 v1.14 Bundle oberdiek, subset hyperref (HO)


(C:\localtex\tex\generic\oberdiek\hobsub-generic.sty
Package: hobsub-generic 2016/05/16 v1.14 Bundle oberdiek, subset generic (HO)
Package: hobsub 2016/05/16 v1.14 Construct package bundles (HO)
Package: infwarerr 2016/05/16 v1.4 Providing info/warning/error messages (HO)
Package: ltxcmds 2016/05/16 v1.23 LaTeX kernel commands for general use (HO)
Package: ifluatex 2016/05/16 v1.4 Provides the ifluatex switch (HO)
Package ifluatex Info: LuaTeX not detected.
Package: ifvtex 2016/05/16 v1.6 Detect VTeX and its facilities (HO)
Package ifvtex Info: VTeX not detected.
Package: intcalc 2016/05/16 v1.2 Expandable calculations with integers (HO)
Package: ifpdf 2016/05/14 v3.1 Provides the ifpdf switch
Package: etexcmds 2016/05/16 v1.6 Avoid name clashes with e-TeX commands (HO)
Package etexcmds Info: Could not find \expanded.
(etexcmds)             That can mean that you are not using pdfTeX 1.50 or
(etexcmds)             that some package has redefined \expanded.
(etexcmds)             In the latter case, load this package earlier.
Package: kvsetkeys 2016/05/16 v1.17 Key value parser (HO)
Package: kvdefinekeys 2016/05/16 v1.4 Define keys (HO)
Package: pdftexcmds 2016/05/21 v0.22 Utility functions of pdfTeX for LuaTeX (HO
)
Package pdftexcmds Info: LuaTeX not detected.
Package pdftexcmds Info: \pdf@primitive is available.
Package pdftexcmds Info: \pdf@ifprimitive is available.
Package pdftexcmds Info: \pdfdraftmode found.
Package: pdfescape 2016/05/16 v1.14 Implements pdfTeX's escape features (HO)
Package: bigintcalc 2016/05/16 v1.4 Expandable calculations on big integers (HO
)
Package: bitset 2016/05/16 v1.2 Handle bit-vector datatype (HO)
Package: uniquecounter 2016/05/16 v1.3 Provide unlimited unique counter (HO)
)
Package hobsub Info: Skipping package `hobsub' (already loaded).
Package: letltxmacro 2016/05/16 v1.5 Let assignment for LaTeX macros (HO)
Package: hopatch 2016/05/16 v1.3 Wrapper for package hooks (HO)
Package: xcolor-patch 2016/05/16 xcolor patch
Package: atveryend 2016/05/16 v1.9 Hooks at the very end of document (HO)
Package atveryend Info: \enddocument detected (standard20110627).
Package: atbegshi 2016/05/16 v1.17 At begin shipout hook (HO)
Package: refcount 2016/05/16 v3.5 Data extraction from label references (HO)
Package: hycolor 2016/05/16 v1.8 Color options for hyperref/bookmark (HO)
)
(C:\localtex\tex\latex\graphics\keyval.sty
Package: keyval 2014/10/28 v1.15 key=value parser (DPC)
\KV@toks@=\toks14
)
(C:\localtex\tex\generic\ifxetex\ifxetex.sty
Package: ifxetex 2010/09/12 v0.6 Provides ifxetex conditional
)
(C:\localtex\tex\latex\oberdiek\auxhook.sty
Package: auxhook 2016/05/16 v1.4 Hooks for auxiliary files (HO)
)
(C:\localtex\tex\latex\oberdiek\kvoptions.sty
Package: kvoptions 2016/05/16 v3.12 Key value format for package options (HO)
)
\@linkdim=\dimen104
\Hy@linkcounter=\count107
\Hy@pagecounter=\count108

(C:\localtex\tex\latex\hyperref\pd1enc.def
File: pd1enc.def 2016/05/21 v6.83p Hyperref: PDFDocEncoding definition (HO)
)
\Hy@SavedSpaceFactor=\count109

(C:\localtex\tex\latex\00miktex\hyperref.cfg
File: hyperref.cfg 2002/06/06 v1.2 hyperref configuration of TeXLive
)
Package hyperref Info: Hyper figures OFF on input line 4486.
Package hyperref Info: Link nesting OFF on input line 4491.
Package hyperref Info: Hyper index ON on input line 4494.
Package hyperref Info: Plain pages OFF on input line 4501.
Package hyperref Info: Backreferencing OFF on input line 4506.
Package hyperref Info: Implicit mode ON; LaTeX internals redefined.
Package hyperref Info: Bookmarks ON on input line 4735.
\c@Hy@tempcnt=\count110

(C:\localtex\tex\latex\url\url.sty
\Urlmuskip=\muskip10
Package: url 2013/09/16  ver 3.4  Verb mode for urls, etc.
)
LaTeX Info: Redefining \url on input line 5088.
\XeTeXLinkMargin=\dimen105
\Fld@menulength=\count111
\Field@Width=\dimen106
\Fld@charsize=\dimen107
Package hyperref Info: Hyper figures OFF on input line 6342.
Package hyperref Info: Link nesting OFF on input line 6347.
Package hyperref Info: Hyper index ON on input line 6350.
Package hyperref Info: backreferencing OFF on input line 6357.
Package hyperref Info: Link coloring OFF on input line 6362.
Package hyperref Info: Link coloring with OCG OFF on input line 6367.
Package hyperref Info: PDF/A mode OFF on input line 6372.
LaTeX Info: Redefining \ref on input line 6412.
LaTeX Info: Redefining \pageref on input line 6416.
\Hy@abspage=\count112
\c@Item=\count113
\c@Hfootnote=\count114
)

Package hyperref Message: Driver (autodetected): hpdftex.

(C:\localtex\tex\latex\hyperref\hpdftex.def
File: hpdftex.def 2016/05/21 v6.83p Hyperref driver for pdfTeX
\Fld@listcount=\count115
\c@bookmark@seq@number=\count116

(C:\localtex\tex\latex\oberdiek\rerunfilecheck.sty
Package: rerunfilecheck 2016/05/16 v1.8 Rerun checks for auxiliary files (HO)
Package uniquecounter Info: New unique counter `rerunfilecheck' on input line 2
82.
)
\Hy@SectionHShift=\skip43
)
Package hyperref Info: Option `colorlinks' set `true' on input line 13.

(C:\localtex\tex\latex\fancyhdr\fancyhdr.sty
\fancy@headwidth=\skip44
\f@ncyO@elh=\skip45
\f@ncyO@erh=\skip46
\f@ncyO@olh=\skip47
\f@ncyO@orh=\skip48
\f@ncyO@elf=\skip49
\f@ncyO@erf=\skip50
\f@ncyO@olf=\skip51
\f@ncyO@orf=\skip52
)

Package Fancyhdr Warning: \fancyfoot's `E' option without twoside option is use
less on input line 23.


Package Fancyhdr Warning: \fancyfoot's `E' option without twoside option is use
less on input line 24.

(C:\localtex\tex\latex\titlesec\titlesec.sty
Package: titlesec 2016/03/21 v2.10.2 Sectioning titles
\ttl@box=\box26
\beforetitleunit=\skip53
\aftertitleunit=\skip54
\ttl@plus=\dimen108
\ttl@minus=\dimen109
\ttl@toksa=\toks15
\titlewidth=\dimen110
\titlewidthlast=\dimen111
\titlewidthfirst=\dimen112
)
(C:\localtex\tex\latex\tcolorbox\tcolorbox.sty
Package: tcolorbox 2016/07/14 version 3.94 text color boxes

(C:\localtex\tex\latex\base\tex\pgf.sty
(C:\localtex\tex\latex\base\tex\pgfrcs.sty
(C:\localtex\tex\latex\base\tex\pgfutil-common.tex
\pgfutil@everybye=\toks16
\pgfutil@tempdima=\dimen113
\pgfutil@tempdimb=\dimen114

(C:\localtex\tex\latex\base\tex\pgfutil-common-lists.tex))
(C:\localtex\tex\latex\base\tex\pgfutil-latex.def
\pgfutil@abb=\box27

(C:\localtex\tex\latex\ms\everyshi.sty
Package: everyshi 2001/05/15 v3.00 EveryShipout Package (MS)
))
(C:\localtex\tex\latex\base\tex\pgfrcs.code.tex
Package: pgfrcs 2015/08/07 v3.0.1a (rcs-revision 1.31)
))
Package: pgf 2015/08/07 v3.0.1a (rcs-revision 1.15)

(C:\localtex\tex\latex\base\tex\pgfcore.sty
(C:\localtex\tex\latex\graphics\graphicx.sty
Package: graphicx 2014/10/28 v1.0g Enhanced LaTeX Graphics (DPC,SPQR)

(C:\localtex\tex\latex\graphics\graphics.sty
Package: graphics 2016/05/09 v1.0r Standard LaTeX Graphics (DPC,SPQR)

(C:\localtex\tex\latex\graphics\trig.sty
Package: trig 2016/01/03 v1.10 sin cos tan (DPC)
)
(C:\localtex\tex\latex\00miktex\graphics.cfg
File: graphics.cfg 2016/01/02 v1.10 sample graphics configuration
)
Package graphics Info: Driver file: pdftex.def on input line 96.

(C:\localtex\tex\latex\pdftex-def\pdftex.def
File: pdftex.def 2011/05/27 v0.06d Graphics/color for pdfTeX
\Gread@gobject=\count117
))
\Gin@req@height=\dimen115
\Gin@req@width=\dimen116
)
(C:\localtex\tex\latex\base\tex\pgfsys.sty
(C:\localtex\tex\latex\base\tex\pgfsys.code.tex
Package: pgfsys 2014/07/09 v3.0.1a (rcs-revision 1.48)

(C:\localtex\tex\latex\base\tex\pgfkeys.code.tex
\pgfkeys@pathtoks=\toks17
\pgfkeys@temptoks=\toks18

(C:\localtex\tex\latex\base\tex\pgfkeysfiltered.code.tex
\pgfkeys@tmptoks=\toks19
))
\pgf@x=\dimen117
\pgf@y=\dimen118
\pgf@xa=\dimen119
\pgf@ya=\dimen120
\pgf@xb=\dimen121
\pgf@yb=\dimen122
\pgf@xc=\dimen123
\pgf@yc=\dimen124
\w@pgf@writea=\write3
\r@pgf@reada=\read1
\c@pgf@counta=\count118
\c@pgf@countb=\count119
\c@pgf@countc=\count120
\c@pgf@countd=\count121
\t@pgf@toka=\toks20
\t@pgf@tokb=\toks21
\t@pgf@tokc=\toks22

(C:\localtex\tex\latex\base\tex\pgf.cfg
File: pgf.cfg 2008/05/14  (rcs-revision 1.7)
)
Driver file for pgf: pgfsys-pdftex.def

(C:\localtex\tex\latex\base\tex\pgfsys-pdftex.def
File: pgfsys-pdftex.def 2014/10/11  (rcs-revision 1.35)

(C:\localtex\tex\latex\base\tex\pgfsys-common-pdf.def
File: pgfsys-common-pdf.def 2013/10/10  (rcs-revision 1.13)
)))
(C:\localtex\tex\latex\base\tex\pgfsyssoftpath.code.tex
File: pgfsyssoftpath.code.tex 2013/09/09  (rcs-revision 1.9)
\pgfsyssoftpath@smallbuffer@items=\count122
\pgfsyssoftpath@bigbuffer@items=\count123
)
(C:\localtex\tex\latex\base\tex\pgfsysprotocol.code.tex
File: pgfsysprotocol.code.tex 2006/10/16  (rcs-revision 1.4)
))
(C:\localtex\tex\latex\xcolor\xcolor.sty
Package: xcolor 2016/05/11 v2.12 LaTeX color extensions (UK)

(C:\localtex\tex\latex\00miktex\color.cfg
File: color.cfg 2016/01/02 v1.6 sample color configuration
)
Package xcolor Info: Driver file: pdftex.def on input line 225.
Package xcolor Info: Model `cmy' substituted by `cmy0' on input line 1348.
Package xcolor Info: Model `hsb' substituted by `rgb' on input line 1352.
Package xcolor Info: Model `RGB' extended on input line 1364.
Package xcolor Info: Model `HTML' substituted by `rgb' on input line 1366.
Package xcolor Info: Model `Hsb' substituted by `hsb' on input line 1367.
Package xcolor Info: Model `tHsb' substituted by `hsb' on input line 1368.
Package xcolor Info: Model `HSB' substituted by `hsb' on input line 1369.
Package xcolor Info: Model `Gray' substituted by `gray' on input line 1370.
Package xcolor Info: Model `wave' substituted by `hsb' on input line 1371.
)
(C:\localtex\tex\latex\base\tex\pgfcore.code.tex
Package: pgfcore 2010/04/11 v3.0.1a (rcs-revision 1.7)

(C:\localtex\tex\latex\base\tex\pgfmath.code.tex
(C:\localtex\tex\latex\base\tex\pgfmathcalc.code.tex
(C:\localtex\tex\latex\base\tex\pgfmathutil.code.tex)
(C:\localtex\tex\latex\base\tex\pgfmathparser.code.tex
\pgfmath@dimen=\dimen125
\pgfmath@count=\count124
\pgfmath@box=\box28
\pgfmath@toks=\toks23
\pgfmath@stack@operand=\toks24
\pgfmath@stack@operation=\toks25
)
(C:\localtex\tex\latex\base\tex\pgfmathfunctions.code.tex
(C:\localtex\tex\latex\base\tex\pgfmathfunctions.basic.code.tex)
(C:\localtex\tex\latex\base\tex\pgfmathfunctions.trigonometric.code.tex)
(C:\localtex\tex\latex\base\tex\pgfmathfunctions.random.code.tex)
(C:\localtex\tex\latex\base\tex\pgfmathfunctions.comparison.code.tex)
(C:\localtex\tex\latex\base\tex\pgfmathfunctions.base.code.tex)
(C:\localtex\tex\latex\base\tex\pgfmathfunctions.round.code.tex)
(C:\localtex\tex\latex\base\tex\pgfmathfunctions.misc.code.tex)
(C:\localtex\tex\latex\base\tex\pgfmathfunctions.integerarithmetics.code.tex)))
(C:\localtex\tex\latex\base\tex\pgfmathfloat.code.tex
\c@pgfmathroundto@lastzeros=\count125
))
(C:\localtex\tex\latex\base\tex\pgfcorepoints.code.tex
File: pgfcorepoints.code.tex 2013/10/07  (rcs-revision 1.27)
\pgf@picminx=\dimen126
\pgf@picmaxx=\dimen127
\pgf@picminy=\dimen128
\pgf@picmaxy=\dimen129
\pgf@pathminx=\dimen130
\pgf@pathmaxx=\dimen131
\pgf@pathminy=\dimen132
\pgf@pathmaxy=\dimen133
\pgf@xx=\dimen134
\pgf@xy=\dimen135
\pgf@yx=\dimen136
\pgf@yy=\dimen137
\pgf@zx=\dimen138
\pgf@zy=\dimen139
)
(C:\localtex\tex\latex\base\tex\pgfcorepathconstruct.code.tex
File: pgfcorepathconstruct.code.tex 2013/10/07  (rcs-revision 1.29)
\pgf@path@lastx=\dimen140
\pgf@path@lasty=\dimen141
)
(C:\localtex\tex\latex\base\tex\pgfcorepathusage.code.tex
File: pgfcorepathusage.code.tex 2014/11/02  (rcs-revision 1.24)
\pgf@shorten@end@additional=\dimen142
\pgf@shorten@start@additional=\dimen143
)
(C:\localtex\tex\latex\base\tex\pgfcorescopes.code.tex
File: pgfcorescopes.code.tex 2015/05/08  (rcs-revision 1.46)
\pgfpic=\box29
\pgf@hbox=\box30
\pgf@layerbox@main=\box31
\pgf@picture@serial@count=\count126
)
(C:\localtex\tex\latex\base\tex\pgfcoregraphicstate.code.tex
File: pgfcoregraphicstate.code.tex 2014/11/02  (rcs-revision 1.12)
\pgflinewidth=\dimen144
)
(C:\localtex\tex\latex\base\tex\pgfcoretransformations.code.tex
File: pgfcoretransformations.code.tex 2015/08/07  (rcs-revision 1.20)
\pgf@pt@x=\dimen145
\pgf@pt@y=\dimen146
\pgf@pt@temp=\dimen147
)
(C:\localtex\tex\latex\base\tex\pgfcorequick.code.tex
File: pgfcorequick.code.tex 2008/10/09  (rcs-revision 1.3)
)
(C:\localtex\tex\latex\base\tex\pgfcoreobjects.code.tex
File: pgfcoreobjects.code.tex 2006/10/11  (rcs-revision 1.2)
)
(C:\localtex\tex\latex\base\tex\pgfcorepathprocessing.code.tex
File: pgfcorepathprocessing.code.tex 2013/09/09  (rcs-revision 1.9)
)
(C:\localtex\tex\latex\base\tex\pgfcorearrows.code.tex
File: pgfcorearrows.code.tex 2015/05/14  (rcs-revision 1.43)
\pgfarrowsep=\dimen148
)
(C:\localtex\tex\latex\base\tex\pgfcoreshade.code.tex
File: pgfcoreshade.code.tex 2013/07/15  (rcs-revision 1.15)
\pgf@max=\dimen149
\pgf@sys@shading@range@num=\count127
)
(C:\localtex\tex\latex\base\tex\pgfcoreimage.code.tex
File: pgfcoreimage.code.tex 2013/07/15  (rcs-revision 1.18)

(C:\localtex\tex\latex\base\tex\pgfcoreexternal.code.tex
File: pgfcoreexternal.code.tex 2014/07/09  (rcs-revision 1.21)
\pgfexternal@startupbox=\box32
))
(C:\localtex\tex\latex\base\tex\pgfcorelayers.code.tex
File: pgfcorelayers.code.tex 2013/07/18  (rcs-revision 1.7)
)
(C:\localtex\tex\latex\base\tex\pgfcoretransparency.code.tex
File: pgfcoretransparency.code.tex 2013/09/30  (rcs-revision 1.5)
)
(C:\localtex\tex\latex\base\tex\pgfcorepatterns.code.tex
File: pgfcorepatterns.code.tex 2013/11/07  (rcs-revision 1.5)
)))
(C:\localtex\tex\latex\base\tex\pgfmoduleshapes.code.tex
File: pgfmoduleshapes.code.tex 2014/03/21  (rcs-revision 1.35)
\pgfnodeparttextbox=\box33
)
(C:\localtex\tex\latex\base\tex\pgfmoduleplot.code.tex
File: pgfmoduleplot.code.tex 2015/08/03  (rcs-revision 1.13)
)
(C:\localtex\tex\latex\base\tex\pgfcomp-version-0-65.sty
Package: pgfcomp-version-0-65 2007/07/03 v3.0.1a (rcs-revision 1.7)
\pgf@nodesepstart=\dimen150
\pgf@nodesepend=\dimen151
)
(C:\localtex\tex\latex\base\tex\pgfcomp-version-1-18.sty
Package: pgfcomp-version-1-18 2007/07/23 v3.0.1a (rcs-revision 1.1)
))
(C:\localtex\tex\latex\tools\verbatim.sty
Package: verbatim 2014/10/28 v1.5q LaTeX2e package for verbatim enhancements
\every@verbatim=\toks26
\verbatim@line=\toks27
\verbatim@in@stream=\read2
)
(C:\localtex\tex\latex\environ\environ.sty
Package: environ 2014/05/04 v0.3 A new way to define environments

(C:\localtex\tex\latex\trimspaces\trimspaces.sty
Package: trimspaces 2009/09/17 v1.1 Trim spaces around a token list
)
\@envbody=\toks28
)
(C:\localtex\tex\latex\etoolbox\etoolbox.sty
Package: etoolbox 2015/08/02 v2.2a e-TeX tools for LaTeX (JAW)
\etb@tempcnta=\count128
)
\tcb@titlebox=\box34
\tcb@upperbox=\box35
\tcb@lowerbox=\box36
\tcb@phantombox=\box37
\c@tcbbreakpart=\count129
\c@tcblayer=\count130
\tcolorbox@number=\count131
\tcb@temp=\box38
\tcb@temp=\box39
\tcb@temp=\box40
\tcb@temp=\box41
\tcb@out=\write4
\tcb@record@out=\write5

(C:\localtex\tex\latex\tcolorbox\tcbraster.code.tex
Library (tcolorbox): 'tcbraster.code.tex' version '3.94'
\c@tcbrastercolumn=\count132
\c@tcbrasterrow=\count133
\c@tcbraster=\count134
) (C:\localtex\tex\latex\tcolorbox\tcbskins.code.tex
Library (tcolorbox): 'tcbskins.code.tex' version '3.94'
(C:\localtex\tex\latex\base\tex\tikz.sty
(C:\localtex\tex\latex\base\tex\pgffor.sty
(C:\localtex\tex\latex\base\tex\pgfkeys.sty
(C:\localtex\tex\latex\base\tex\pgfkeys.code.tex))
(C:\localtex\tex\latex\base\tex\pgfmath.sty
(C:\localtex\tex\latex\base\tex\pgfmath.code.tex))
(C:\localtex\tex\latex\base\tex\pgffor.code.tex
Package: pgffor 2013/12/13 v3.0.1a (rcs-revision 1.25)

(C:\localtex\tex\latex\base\tex\pgfmath.code.tex)
\pgffor@iter=\dimen152
\pgffor@skip=\dimen153
\pgffor@stack=\toks29
\pgffor@toks=\toks30
))
(C:\localtex\tex\latex\base\tex\tikz.code.tex
Package: tikz 2015/08/07 v3.0.1a (rcs-revision 1.151)

(C:\localtex\tex\latex\base\tex\pgflibraryplothandlers.code.tex
File: pgflibraryplothandlers.code.tex 2013/08/31 v3.0.1a (rcs-revision 1.20)
\pgf@plot@mark@count=\count135
\pgfplotmarksize=\dimen154
)
\tikz@lastx=\dimen155
\tikz@lasty=\dimen156
\tikz@lastxsaved=\dimen157
\tikz@lastysaved=\dimen158
\tikzleveldistance=\dimen159
\tikzsiblingdistance=\dimen160
\tikz@figbox=\box42
\tikz@figbox@bg=\box43
\tikz@tempbox=\box44
\tikz@tempbox@bg=\box45
\tikztreelevel=\count136
\tikznumberofchildren=\count137
\tikznumberofcurrentchild=\count138
\tikz@fig@count=\count139

(C:\localtex\tex\latex\base\tex\pgfmodulematrix.code.tex
File: pgfmodulematrix.code.tex 2013/09/17  (rcs-revision 1.8)
\pgfmatrixcurrentrow=\count140
\pgfmatrixcurrentcolumn=\count141
\pgf@matrix@numberofcolumns=\count142
)
\tikz@expandcount=\count143

(C:\localtex\tex\latex\base\tex\tikzlibrarytopaths.code.tex
File: tikzlibrarytopaths.code.tex 2008/06/17 v3.0.1a (rcs-revision 1.2)
)))
\tcb@waterbox=\box46

(C:\localtex\tex\latex\tcolorbox\tcbskinsjigsaw.code.tex
Library (tcolorbox): 'tcbskinsjigsaw.code.tex' version '3.94'
)) (C:\localtex\tex\latex\tcolorbox\tcbbreakable.code.tex
Library (tcolorbox): 'tcbbreakable.code.tex' version '3.94'
\tcb@testbox=\box47
\tcb@totalupperbox=\box48
\tcb@totallowerbox=\box49
) (C:\localtex\tex\latex\tcolorbox\tcbhooks.code.tex
Library (tcolorbox): 'tcbhooks.code.tex' version '3.94'
) (C:\localtex\tex\latex\tcolorbox\tcbtheorems.code.tex
Library (tcolorbox): 'tcbtheorems.code.tex' version '3.94'
(C:\localtex\tex\latex\amsmath\amsmath.sty
Package: amsmath 2016/03/10 v2.15b AMS math features
\@mathmargin=\skip55

For additional information on amsmath, use the `?' option.
(C:\localtex\tex\latex\amsmath\amstext.sty
Package: amstext 2000/06/29 v2.01 AMS text

(C:\localtex\tex\latex\amsmath\amsgen.sty
File: amsgen.sty 1999/11/30 v2.0 generic functions
\@emptytoks=\toks31
\ex@=\dimen161
))
(C:\localtex\tex\latex\amsmath\amsbsy.sty
Package: amsbsy 1999/11/29 v1.2d Bold Symbols
\pmbraise@=\dimen162
)
(C:\localtex\tex\latex\amsmath\amsopn.sty
Package: amsopn 2016/03/08 v2.02 operator names
)
\inf@bad=\count144
LaTeX Info: Redefining \frac on input line 199.
\uproot@=\count145
\leftroot@=\count146
LaTeX Info: Redefining \overline on input line 297.
\classnum@=\count147
\DOTSCASE@=\count148
LaTeX Info: Redefining \ldots on input line 394.
LaTeX Info: Redefining \dots on input line 397.
LaTeX Info: Redefining \cdots on input line 518.
\Mathstrutbox@=\box50
\strutbox@=\box51
\big@size=\dimen163
LaTeX Font Info:    Redeclaring font encoding OML on input line 634.
LaTeX Font Info:    Redeclaring font encoding OMS on input line 635.
\macc@depth=\count149
\c@MaxMatrixCols=\count150
\dotsspace@=\muskip11
\c@parentequation=\count151
\dspbrk@lvl=\count152
\tag@help=\toks32
\row@=\count153
\column@=\count154
\maxfields@=\count155
\andhelp@=\toks33
\eqnshift@=\dimen164
\alignsep@=\dimen165
\tagshift@=\dimen166
\tagwidth@=\dimen167
\totwidth@=\dimen168
\lineht@=\dimen169
\@envbody=\toks34
\multlinegap=\skip56
\multlinetaggap=\skip57
\mathdisplay@stack=\toks35
LaTeX Info: Redefining \[ on input line 2739.
LaTeX Info: Redefining \] on input line 2740.
))
(C:\localtex\tex\latex\tcolorbox\tcbfitting.code.tex
Library (tcolorbox): 'tcbfitting.code.tex' version '3.94'
\tcbfitdim=\dimen170
\tcb@lowerfitdim=\dimen171
\tcb@upperfitdim=\dimen172
\tcb@cur@hbadness=\count156
) (C:\localtex\tex\latex\tcolorbox\tcbxparse.code.tex
Library (tcolorbox): 'tcbxparse.code.tex' version '3.94'
(C:\localtex\tex\latex\l3packages\xparse\xparse.sty
(C:\localtex\tex\latex\l3kernel\expl3.sty
Package: expl3 2016/05/18 v6512 L3 programming layer (loader) 

(C:\localtex\tex\latex\l3kernel\expl3-code.tex
Package: expl3 2016/05/18 v6512 L3 programming layer (code)
L3 Module: l3bootstrap 2016/02/12 v6412 L3 Bootstrap code
L3 Module: l3names 2016/03/11 v6433 L3 Namespace for primitives
L3 Module: l3basics 2015/11/22 v6315 L3 Basic definitions
L3 Module: l3expan 2015/09/10 v5983 L3 Argument expansion
L3 Module: l3tl 2016/03/26 v6465 L3 Token lists
L3 Module: l3str 2016/03/24 v6441 L3 Strings
L3 Module: l3seq 2015/08/05 v5777 L3 Sequences and stacks
L3 Module: l3int 2016/03/24 v6441 L3 Integers
\c_max_int=\count157
\l_tmpa_int=\count158
\l_tmpb_int=\count159
\g_tmpa_int=\count160
\g_tmpb_int=\count161
L3 Module: l3quark 2015/08/17 v5855 L3 Quarks
L3 Module: l3prg 2015/11/01 v6216 L3 Control structures
\g__prg_map_int=\count162
L3 Module: l3clist 2015/09/02 v5901 L3 Comma separated lists
L3 Module: l3token 2016/04/03 v6470 L3 Experimental token manipulation
L3 Module: l3prop 2016/01/05 v6366 L3 Property lists
L3 Module: l3msg 2016/03/26 v6464 L3 Messages
L3 Module: l3file 2016/03/25 v6458 L3 File and I/O operations
\l_iow_line_count_int=\count163
\l__iow_target_count_int=\count164
\l__iow_current_line_int=\count165
\l__iow_current_word_int=\count166
\l__iow_current_indentation_int=\count167
L3 Module: l3skip 2016/01/05 v6366 L3 Dimensions and skips
\c_zero_dim=\dimen173
\c_max_dim=\dimen174
\l_tmpa_dim=\dimen175
\l_tmpb_dim=\dimen176
\g_tmpa_dim=\dimen177
\g_tmpb_dim=\dimen178
\c_zero_skip=\skip58
\c_max_skip=\skip59
\l_tmpa_skip=\skip60
\l_tmpb_skip=\skip61
\g_tmpa_skip=\skip62
\g_tmpb_skip=\skip63
\c_zero_muskip=\muskip12
\c_max_muskip=\muskip13
\l_tmpa_muskip=\muskip14
\l_tmpb_muskip=\muskip15
\g_tmpa_muskip=\muskip16
\g_tmpb_muskip=\muskip17
L3 Module: l3keys 2015/11/17 v6284 L3 Key-value interfaces
\g__keyval_level_int=\count168
\l_keys_choice_int=\count169
L3 Module: l3fp 2016/03/26 v6465 L3 Floating points
\c__fp_leading_shift_int=\count170
\c__fp_middle_shift_int=\count171
\c__fp_trailing_shift_int=\count172
\c__fp_big_leading_shift_int=\count173
\c__fp_big_middle_shift_int=\count174
\c__fp_big_trailing_shift_int=\count175
\c__fp_Bigg_leading_shift_int=\count176
\c__fp_Bigg_middle_shift_int=\count177
\c__fp_Bigg_trailing_shift_int=\count178
L3 Module: l3box 2015/08/09 v5822 L3 Experimental boxes
\c_empty_box=\box52
\l_tmpa_box=\box53
\l_tmpb_box=\box54
\g_tmpa_box=\box55
\g_tmpb_box=\box56
L3 Module: l3coffins 2016/05/17 v6508 L3 Coffin code layer
\l__coffin_internal_box=\box57
\l__coffin_internal_dim=\dimen179
\l__coffin_offset_x_dim=\dimen180
\l__coffin_offset_y_dim=\dimen181
\l__coffin_x_dim=\dimen182
\l__coffin_y_dim=\dimen183
\l__coffin_x_prime_dim=\dimen184
\l__coffin_y_prime_dim=\dimen185
\c_empty_coffin=\box58
\l__coffin_aligned_coffin=\box59
\l__coffin_aligned_internal_coffin=\box60
\l_tmpa_coffin=\box61
\l_tmpb_coffin=\box62
\l__coffin_display_coffin=\box63
\l__coffin_display_coord_coffin=\box64
\l__coffin_display_pole_coffin=\box65
\l__coffin_display_offset_dim=\dimen186
\l__coffin_display_x_dim=\dimen187
\l__coffin_display_y_dim=\dimen188
L3 Module: l3color 2014/08/23 v5354 L3 Experimental color support
L3 Module: l3sys 2015/09/25 v6087 L3 Experimental system/runtime functions
L3 Module: l3candidates 2016/05/13 v6484 L3 Experimental additions to l3kernel
\l__box_top_dim=\dimen189
\l__box_bottom_dim=\dimen190
\l__box_left_dim=\dimen191
\l__box_right_dim=\dimen192
\l__box_top_new_dim=\dimen193
\l__box_bottom_new_dim=\dimen194
\l__box_left_new_dim=\dimen195
\l__box_right_new_dim=\dimen196
\l__box_internal_box=\box66
\l__coffin_bounding_shift_dim=\dimen197
\l__coffin_left_corner_dim=\dimen198
\l__coffin_right_corner_dim=\dimen199
\l__coffin_bottom_corner_dim=\dimen256
\l__coffin_top_corner_dim=\dimen257
\l__coffin_scaled_total_height_dim=\dimen258
\l__coffin_scaled_width_dim=\dimen259
L3 Module: l3luatex 2016/03/26 v6465 L3 Experimental LuaTeX-specific functions
)
(C:\localtex\tex\latex\l3kernel\l3pdfmode.def
File: l3pdfmode.def 2016/03/26 v6465 L3 Experimental driver: PDF mode
\l__driver_color_stack_int=\count179
\l__driver_tmp_box=\box67
))
Package: xparse 2016/05/18 v6512 L3 Experimental document command parser
\l__xparse_current_arg_int=\count180
\l__xparse_m_args_int=\count181
\l__xparse_mandatory_args_int=\count182
\l__xparse_processor_int=\count183
\l__xparse_v_nesting_int=\count184
)
.................................................
. LaTeX info: "xparse/define-command"
. 
. Defining command \tcboxverb with sig. ' O{} v ' on line 128.
.................................................
.................................................
. LaTeX info: "xparse/define-command"
. 
. Defining command \tcbsidebyside with sig. ' +O{} +m +m ' on line 280.
.................................................
)
(C:\localtex\tex\latex\tcolorbox\tcblistingsutf8.code.tex
Library (tcolorbox): 'tcblistingsutf8.code.tex' version '3.94'
(C:\localtex\tex\latex\oberdiek\listingsutf8.sty
Package: listingsutf8 2016/05/16 v1.3 Allow UTF-8 in listings input (HO)

(C:\localtex\tex\latex\listings\listings.sty
\lst@mode=\count185
\lst@gtempboxa=\box68
\lst@token=\toks36
\lst@length=\count186
\lst@currlwidth=\dimen260
\lst@column=\count187
\lst@pos=\count188
\lst@lostspace=\dimen261
\lst@width=\dimen262
\lst@newlines=\count189
\lst@lineno=\count190
\lst@maxwidth=\dimen263

(C:\localtex\tex\latex\listings\lstmisc.sty
File: lstmisc.sty 2015/06/04 1.6 (Carsten Heinz)
\c@lstnumber=\count191
\lst@skipnumbers=\count192
\lst@framebox=\box69
)
(C:\localtex\tex\latex\listings\listings.cfg
File: listings.cfg 2015/06/04 1.6 listings configuration
))
Package: listings 2015/06/04 1.6 (Carsten Heinz)

(C:\localtex\tex\generic\oberdiek\stringenc.sty
Package: stringenc 2016/05/16 v1.11 Convert strings between diff. encodings (HO
)
))
(C:\localtex\tex\latex\tcolorbox\tcblistings.code.tex
Library (tcolorbox): 'tcblistings.code.tex' version '3.94'
(C:\localtex\tex\latex\tcolorbox\tcblistingscore.code.tex
Library (tcolorbox): 'tcblistingscore.code.tex' version '3.94'
(C:\localtex\tex\latex\tcolorbox\tcbprocessing.code.tex
Library (tcolorbox): 'tcbprocessing.code.tex' version '3.94'
(C:\localtex\tex\latex\tools\shellesc.sty
Package: shellesc 2016/04/29 v0.01c unified shell escape interface for LaTeX
Package shellesc Info: Restricted shell escape ensabled on input line 67.
))
\c@tcblisting=\count193
)))
(C:\localtex\tex\latex\tcolorbox\tcbexternal.code.tex
Library (tcolorbox): 'tcbexternal.code.tex' version '3.94'
) (C:\localtex\tex\latex\tcolorbox\tcbmagazine.code.tex
Library (tcolorbox): 'tcbmagazine.code.tex' version '3.94'
) (C:\localtex\tex\latex\tcolorbox\tcbvignette.code.tex
Library (tcolorbox): 'tcbvignette.code.tex' version '3.94'
(C:\localtex\tex\latex\base\tex\tikzlibraryfadings.code.tex
File: tikzlibraryfadings.code.tex 2009/11/15 v3.0.1a (rcs-revision 1.2)

(C:\localtex\tex\latex\base\tex\pgflibraryfadings.code.tex
File: pgflibraryfadings.code.tex 2008/02/07 v3.0.1a (rcs-revision 1.3)
))))
(C:\localtex\tex\latex\marginnote\marginnote.sty
Package: marginnote 2016/06/02 v1.2 non floating margin notes for LaTeX
\c@mn@abspage=\count194
)
(C:\localtex\tex\latex\background\background.sty
Package: background 2014/03/04 v2.1 background material

(C:\localtex\tex\latex\xkeyval\xkeyval.sty
Package: xkeyval 2014/12/03 v2.7a package option processing (HA)

(C:\localtex\tex\generic\xkeyval\xkeyval.tex
(C:\localtex\tex\generic\xkeyval\xkvutils.tex
\XKV@toks=\toks37
\XKV@tempa@toks=\toks38
)
\XKV@depth=\count195
File: xkeyval.tex 2014/12/03 v2.7a key=value parser (HA)
))
(C:\localtex\tex\latex\everypage\everypage.sty
Package: everypage 2007/06/20 1.1 Hooks to run on every page
)
(C:\localtex\tex\latex\tools\afterpage.sty
Package: afterpage 2014/10/28 v1.08 After-Page Package (DPC)
\AP@output=\toks39
\AP@partial=\box70
\AP@footins=\box71
))
(C:\localtex\tex\latex\soul\soul.sty
Package: soul 2003/11/17 v2.4 letterspacing/underlining (mf)
\SOUL@word=\toks40
\SOUL@lasttoken=\toks41
\SOUL@cmds=\toks42
\SOUL@buffer=\toks43
\SOUL@token=\toks44
\SOUL@spaceskip=\skip64
\SOUL@ttwidth=\dimen264
\SOUL@uldp=\dimen265
\SOUL@ulht=\dimen266
) (Robot_State_Collector.aux)
\openout1 = `Robot_State_Collector.aux'.

LaTeX Font Info:    Checking defaults for OML/cmm/m/it on input line 72.
LaTeX Font Info:    ... okay on input line 72.
LaTeX Font Info:    Checking defaults for T1/cmr/m/n on input line 72.
LaTeX Font Info:    ... okay on input line 72.
LaTeX Font Info:    Checking defaults for OT1/cmr/m/n on input line 72.
LaTeX Font Info:    ... okay on input line 72.
LaTeX Font Info:    Checking defaults for OMS/cmsy/m/n on input line 72.
LaTeX Font Info:    ... okay on input line 72.
LaTeX Font Info:    Checking defaults for OMX/cmex/m/n on input line 72.
LaTeX Font Info:    ... okay on input line 72.
LaTeX Font Info:    Checking defaults for U/cmr/m/n on input line 72.
LaTeX Font Info:    ... okay on input line 72.
LaTeX Font Info:    Checking defaults for PD1/pdf/m/n on input line 72.
LaTeX Font Info:    ... okay on input line 72.
\AtBeginShipoutBox=\box72
Package hyperref Info: Link coloring ON on input line 72.

(C:\localtex\tex\latex\hyperref\nameref.sty
Package: nameref 2016/05/21 v2.44 Cross-referencing by name of section

(C:\localtex\tex\generic\oberdiek\gettitlestring.sty
Package: gettitlestring 2016/05/16 v1.5 Cleanup title references (HO)
)
\c@section@level=\count196
)
LaTeX Info: Redefining \ref on input line 72.
LaTeX Info: Redefining \pageref on input line 72.
LaTeX Info: Redefining \nameref on input line 72.

(Robot_State_Collector.out) (Robot_State_Collector.out)
\@outlinefile=\write6
\openout6 = `Robot_State_Collector.out'.


ABD: EveryShipout initializing macros
(C:\localtex\tex\latex\mptopdf\tex\context\base\supp-pdf.mkii
[Loading MPS to PDF converter (version 2006.09.02).]
\scratchcounter=\count197
\scratchdimen=\dimen267
\scratchbox=\box73
\nofMPsegments=\count198
\nofMParguments=\count199
\everyMPshowfont=\toks45
\MPscratchCnt=\count266
\MPscratchDim=\dimen268
\MPnumerator=\count267
\everyMPtoPDFconversion=\toks46
) (C:\localtex\tex\latex\oberdiek\epstopdf-base.sty
Package: epstopdf-base 2016/05/15 v2.6 Base part for package epstopdf

(C:\localtex\tex\latex\oberdiek\grfext.sty
Package: grfext 2016/05/16 v1.2 Manage graphics extensions (HO)
)
Package grfext Info: Graphics extension search list:
(grfext)             [.png,.pdf,.jpg,.mps,.jpeg,.jbig2,.jb2,.PNG,.PDF,.JPG,.JPE
G,.JBIG2,.JB2,.eps]
(grfext)             \AppendGraphicsExtensions on input line 456.
)
\c@lstlisting=\count268

(C:\localtex\tex\latex\base\inputenc.sty
Package: inputenc 2015/03/17 v1.2c Input encoding file
\inpenc@prehook=\toks47
\inpenc@posthook=\toks48
)
Package marginnote Info: \pdfoutput not 0 or unimportant and
(marginnote)             \pdflastxpos or \lastxpos available.
(marginnote)             Extended position detection mode activated.

<logo.png, id=126, 123.46124pt x 131.49126pt>
File: logo.png Graphic file (type png)
 <use logo.png>
Package pdftex.def Info: logo.png used on input line 89.
(pdftex.def)             Requested size: 123.46092pt x 131.49092pt.
 [1


{C:/ProgramData/MiKTeX/2.9/pdftex/config/pdftex.map} <./logo.png>] (Robot_State
_Collector.toc
Overfull \hbox (0.80984pt too wide) in paragraph at lines 16--16
 [][] [][][]\OT1/cmr/m/n/12 Steps for merg-ing the State Col-lec-tion Code with
 User's 
 []


Overfull \hbox (0.80984pt too wide) in paragraph at lines 17--17
 [][] [][][]\OT1/cmr/m/n/12 Steps for merg-ing the State Col-lec-tion Code with
 User's 
 []

)
\tf@toc=\write7
\openout7 = `Robot_State_Collector.toc'.

File: logo.png Graphic file (type png)
 <use logo.png>
Package pdftex.def Info: logo.png used on input line 95.
(pdftex.def)             Requested size: 123.46092pt x 131.49092pt.
pdfTeX warning (ext4): destination with the same identifier (name{page.1}) has 
been already used, duplicate ignored
<to be read again> 
                   \relax 
l.95 \chapter
             [Robot State Collector]{Robot State Collector} [1

]
Chapter 1.
File: logo.png Graphic file (type png)
<use logo.png>
Package pdftex.def Info: logo.png used on input line 111.
(pdftex.def)             Requested size: 123.46092pt x 131.49092pt.
 [2

]
File: logo.png Graphic file (type png)
 <use logo.png>
Package pdftex.def Info: logo.png used on input line 122.
(pdftex.def)             Requested size: 123.46092pt x 131.49092pt.
File: logo.png Graphic file (type png)
 <use logo.png>
Package pdftex.def Info: logo.png used on input line 122.
(pdftex.def)             Requested size: 28.45274pt x 30.30254pt.


Package Fancyhdr Warning: \headheight is too small (26.0pt): 
 Make it at least 34.65257pt.
 We now make it that large for the rest of the document.
 This may cause the page layout to be inconsistent, however.

[3]
LaTeX Font Info:    Try loading font information for OMS+cmr on input line 129.

 (C:\localtex\tex\latex\base\omscmr.fd
File: omscmr.fd 2014/09/29 v2.5h Standard LaTeX font definitions
)
LaTeX Font Info:    Font shape `OMS/cmr/m/n' in size <12> not available
(Font)              Font shape `OMS/cmsy/m/n' tried instead on input line 129.

<firebird_V.jpg, id=184, 1284.8pt x 963.6pt>
File: firebird_V.jpg Graphic file (type jpg)
 <use firebird_V.jpg>
Package pdftex.def Info: firebird_V.jpg used on input line 133.
(pdftex.def)             Requested size: 256.95544pt x 192.71658pt.

<xbee.jpg, id=186, 501.875pt x 376.40625pt>
File: xbee.jpg Graphic file (type jpg)
 <use xbee.jpg>
Package pdftex.def Info: xbee.jpg used on input line 142.
(pdftex.def)             Requested size: 175.65887pt x 131.74416pt.
File: logo.png Graphic file (type png)
 <use logo.png>
Package pdftex.def Info: logo.png used on input line 145.
(pdftex.def)             Requested size: 123.46092pt x 131.49092pt.
File: logo.png Graphic file (type png)

<use logo.png>
Package pdftex.def Info: logo.png used on input line 145.
(pdftex.def)             Requested size: 28.45274pt x 30.30254pt.
 [4 <./firebird_V.jpg> <./xbee.jpg>]
<adapter_board.jpg, id=195, 1284.8pt x 963.6pt>
File: adapter_board.jpg Graphic file (type jpg)
 <use adapter_board.jpg>
Package pdftex.def Info: adapter_board.jpg used on input line 150.
(pdftex.def)             Requested size: 192.71169pt x 144.53375pt.

<tiva.jpg, id=199, 903.375pt x 903.375pt>
File: tiva.jpg Graphic file (type jpg)
 <use tiva.jpg>
Package pdftex.def Info: tiva.jpg used on input line 161.
(pdftex.def)             Requested size: 180.6718pt x 180.6718pt.
File: logo.png Graphic file (type png)
 <use logo.png>
Package pdftex.def Info: logo.png used on input line 164.
(pdftex.def)             Requested size: 123.46092pt x 131.49092pt.
File: logo.png Graphic file (type png)

<use logo.png>
Package pdftex.def Info: logo.png used on input line 164.
(pdftex.def)             Requested size: 28.45274pt x 30.30254pt.
 [5 <./adapter_board.jpg> <./tiva.jpg>]
<motor.jpg, id=209, 504.38437pt x 367.3725pt>
File: motor.jpg Graphic file (type jpg)
 <use motor.jpg>
Package pdftex.def Info: motor.jpg used on input line 170.
(pdftex.def)             Requested size: 126.09578pt x 91.8429pt.

<wheel.jpg, id=210, 602.25pt x 602.25pt>
File: wheel.jpg Graphic file (type jpg)
 <use wheel.jpg>
Package pdftex.def Info: wheel.jpg used on input line 177.
(pdftex.def)             Requested size: 132.4954pt x 132.4954pt.

<l293d.jpg, id=212, 650.43pt x 551.05875pt>
File: l293d.jpg Graphic file (type jpg)
 <use l293d.jpg>
Package pdftex.def Info: l293d.jpg used on input line 184.
(pdftex.def)             Requested size: 130.0837pt x 110.2098pt.
File: logo.png Graphic file (type png)
 <use logo.png>
Package pdftex.def Info: logo.png used on input line 187.
(pdftex.def)             Requested size: 123.46092pt x 131.49092pt.
File: logo.png Graphic file (type png)

<use logo.png>
Package pdftex.def Info: logo.png used on input line 187.
(pdftex.def)             Requested size: 28.45274pt x 30.30254pt.
 [6 <./motor.jpg> <./wheel.jpg> <./l293d.jpg>]
<lcd.png, id=226, 227.4096pt x 102.1416pt>
File: lcd.png Graphic file (type png)
 <use lcd.png>
Package pdftex.def Info: lcd.png used on input line 192.
(pdftex.def)             Requested size: 193.29907pt x 86.82076pt.

<whiteline.png, id=229, 180.675pt x 154.32657pt>
File: whiteline.png Graphic file (type png)
 <use whiteline.png>
Package pdftex.def Info: whiteline.png used on input line 199.
(pdftex.def)             Requested size: 153.57446pt x 131.17818pt.

<sharp.jpg, id=231, 169.38281pt x 164.11313pt>
File: sharp.jpg Graphic file (type jpg)
 <use sharp.jpg>
Package pdftex.def Info: sharp.jpg used on input line 206.
(pdftex.def)             Requested size: 135.50642pt x 131.29066pt.

<caster.jpg, id=232, 803.0pt x 682.55pt>
File: caster.jpg Graphic file (type jpg)
 <use caster.jpg>
Package pdftex.def Info: caster.jpg used on input line 212.
(pdftex.def)             Requested size: 120.4448pt x 102.37808pt.
File: logo.png Graphic file (type png)
 <use logo.png>
Package pdftex.def Info: logo.png used on input line 215.
(pdftex.def)             Requested size: 123.46092pt x 131.49092pt.
File: logo.png Graphic file (type png)

<use logo.png>
Package pdftex.def Info: logo.png used on input line 215.
(pdftex.def)             Requested size: 28.45274pt x 30.30254pt.
 [7 <./lcd.png> <./whiteline.png> <./sharp.jpg>]
<lm.jpg, id=246, 80.3pt x 80.3pt>
File: lm.jpg Graphic file (type jpg)
 <use lm.jpg>
Package pdftex.def Info: lm.jpg used on input line 219.
(pdftex.def)             Requested size: 80.29979pt x 80.29979pt.

<heat.jpg, id=247, 459.7175pt x 459.7175pt>
File: heat.jpg Graphic file (type jpg)
 <use heat.jpg>
Package pdftex.def Info: heat.jpg used on input line 225.
(pdftex.def)             Requested size: 114.9291pt x 114.9291pt.
File: logo.png Graphic file (type png)
 <use logo.png>
Package pdftex.def Info: logo.png used on input line 228.
(pdftex.def)             Requested size: 123.46092pt x 131.49092pt.
File: logo.png Graphic file (type png)

<use logo.png>
Package pdftex.def Info: logo.png used on input line 228.
(pdftex.def)             Requested size: 28.45274pt x 30.30254pt.
 [8 <./caster.jpg> <./lm.jpg> <./heat.jpg>]
<cap.jpg, id=259, 501.875pt x 501.875pt>
File: cap.jpg Graphic file (type jpg)
 <use cap.jpg>
Package pdftex.def Info: cap.jpg used on input line 232.
(pdftex.def)             Requested size: 175.65887pt x 175.65887pt.

<pcb.jpg, id=260, 250.9375pt x 250.9375pt>
File: pcb.jpg Graphic file (type jpg)
 <use pcb.jpg>
Package pdftex.def Info: pcb.jpg used on input line 238.
(pdftex.def)             Requested size: 150.56364pt x 150.56364pt.

<battery.jpg, id=261, 1284.8pt x 963.6pt>
File: battery.jpg Graphic file (type jpg)
 <use battery.jpg>
Package pdftex.def Info: battery.jpg used on input line 244.
(pdftex.def)             Requested size: 154.16934pt x 115.627pt.


LaTeX Warning: `!h' float specifier changed to `!ht'.

File: logo.png Graphic file (type png)
<use logo.png>
Package pdftex.def Info: logo.png used on input line 247.
(pdftex.def)             Requested size: 123.46092pt x 131.49092pt.
File: logo.png Graphic file (type png)
 <use logo.png>
Package pdftex.def Info: logo.png used on input line 247.
(pdftex.def)             Requested size: 28.45274pt x 30.30254pt.
 [9 <./cap.jpg> <./pcb.jpg>]
<wire.jpg, id=272, 1284.8pt x 963.6pt>
File: wire.jpg Graphic file (type jpg)
 <use wire.jpg>
Package pdftex.def Info: wire.jpg used on input line 251.
(pdftex.def)             Requested size: 128.48752pt x 96.36565pt.

<fmbug.jpg, id=273, 602.25pt x 602.25pt>
File: fmbug.jpg Graphic file (type jpg)
 <use fmbug.jpg>
Package pdftex.def Info: fmbug.jpg used on input line 258.
(pdftex.def)             Requested size: 150.56212pt x 150.56212pt.
File: logo.png Graphic file (type png)
 <use logo.png>
Package pdftex.def Info: logo.png used on input line 261.
(pdftex.def)             Requested size: 123.46092pt x 131.49092pt.
File: logo.png Graphic file (type png)

<use logo.png>
Package pdftex.def Info: logo.png used on input line 261.
(pdftex.def)             Requested size: 28.45274pt x 30.30254pt.
 [10 <./battery.jpg> <./wire.jpg> <./fmbug.jpg>]
<mbug.jpg, id=284, 1204.5pt x 903.375pt>
File: mbug.jpg Graphic file (type jpg)
 <use mbug.jpg>
Package pdftex.def Info: mbug.jpg used on input line 265.
(pdftex.def)             Requested size: 144.53375pt x 108.40031pt.

<jumper.jpeg, id=285, 293.59688pt x 219.82124pt>
File: jumper.jpeg Graphic file (type jpg)
 <use jumper.jpeg>
Package pdftex.def Info: jumper.jpeg used on input line 271.
(pdftex.def)             Requested size: 132.11736pt x 98.91864pt.

Underfull \hbox (badness 10000) in paragraph at lines 268--274

 []


Underfull \hbox (badness 10000) in paragraph at lines 274--275

 []

<chasis.jpg, id=286, 288.07625pt x 161.60374pt>
File: chasis.jpg Graphic file (type jpg)
 <use chasis.jpg>
Package pdftex.def Info: chasis.jpg used on input line 278.
(pdftex.def)             Requested size: 216.05664pt x 121.2025pt.
File: logo.png Graphic file (type png)

<use logo.png>
Package pdftex.def Info: logo.png used on input line 281.
(pdftex.def)             Requested size: 123.46092pt x 131.49092pt.
File: logo.png Graphic file (type png)
 <use logo.png>
Package pdftex.def Info: logo.png used on input line 281.
(pdftex.def)             Requested size: 28.45274pt x 30.30254pt.
 [11 <./mbug.jpg> <./jumper.jpeg> <./chasis.jpg>]
<robot.jpg, id=298, 1284.8pt x 963.6pt>
File: robot.jpg Graphic file (type jpg)
 <use robot.jpg>
Package pdftex.def Info: robot.jpg used on input line 286.
(pdftex.def)             Requested size: 167.02986pt x 125.2724pt.
File: xbee.jpg Graphic file (type jpg)
 <use xbee.jpg>
Package pdftex.def Info: xbee.jpg used on input line 293.
(pdftex.def)             Requested size: 100.37321pt x 75.2799pt.
File: adapter_board.jpg Graphic file (type jpg)

<use adapter_board.jpg>
Package pdftex.def Info: adapter_board.jpg used on input line 299.
(pdftex.def)             Requested size: 154.16934pt x 115.627pt.
File: logo.png Graphic file (type png)
 <use logo.png>
Package pdftex.def Info: logo.png used on input line 304.
(pdftex.def)             Requested size: 123.46092pt x 131.49092pt.
File: logo.png Graphic file (type png)
 <use logo.png>
Package pdftex.def Info: logo.png used on input line 304.
(pdftex.def)             Requested size: 28.45274pt x 30.30254pt.
 [12 <./robot.jpg>]
File: logo.png Graphic file (type png)

<use logo.png>
Package pdftex.def Info: logo.png used on input line 322.
(pdftex.def)             Requested size: 123.46092pt x 131.49092pt.
File: logo.png Graphic file (type png)
 <use logo.png>
Package pdftex.def Info: logo.png used on input line 322.
(pdftex.def)             Requested size: 28.45274pt x 30.30254pt.
 [13]
<xbee_connected.jpg, id=321, 1284.8pt x 963.6pt>
File: xbee_connected.jpg Graphic file (type jpg)
 <use xbee_connected.jpg>
Package pdftex.def Info: xbee_connected.jpg used on input line 328.
(pdftex.def)             Requested size: 244.11453pt x 183.0859pt.

Underfull \hbox (badness 10000) in paragraph at lines 332--333

 []

File: logo.png Graphic file (type png)
<use logo.png>
Package pdftex.def Info: logo.png used on input line 351.
(pdftex.def)             Requested size: 123.46092pt x 131.49092pt.
File: logo.png Graphic file (type png)
 <use logo.png>
Package pdftex.def Info: logo.png used on input line 351.
(pdftex.def)             Requested size: 28.45274pt x 30.30254pt.
 [14 <./xbee_connected.jpg>]
File: logo.png Graphic file (type png)
 <use logo.png>
Package pdftex.def Info: logo.png used on input line 388.
(pdftex.def)             Requested size: 123.46092pt x 131.49092pt.
File: logo.png Graphic file (type png)

<use logo.png>
Package pdftex.def Info: logo.png used on input line 388.
(pdftex.def)             Requested size: 28.45274pt x 30.30254pt.
 [15] <Block.png, id=339, 483.30562pt x 288.3272pt>
File: Block.png Graphic file (type png)

<use Block.png>
Package pdftex.def Info: Block.png used on input line 396.
(pdftex.def)             Requested size: 434.97104pt x 259.49207pt.

Overfull \hbox (44.97104pt too wide) in paragraph at lines 396--397
 [][] 
 []

File: logo.png Graphic file (type png)
<use logo.png>
Package pdftex.def Info: logo.png used on input line 399.
(pdftex.def)             Requested size: 123.46092pt x 131.49092pt.
File: logo.png Graphic file (type png)
 <use logo.png>
Package pdftex.def Info: logo.png used on input line 399.
(pdftex.def)             Requested size: 28.45274pt x 30.30254pt.
 [16 <./Block.png>]
<all_components.jpg, id=347, 963.6pt x 1284.8pt>
File: all_components.jpg Graphic file (type jpg)
 <use all_components.jpg>
Package pdftex.def Info: all_components.jpg used on input line 405.
(pdftex.def)             Requested size: 154.17915pt x 205.5722pt.

<motor_2_ic.jpg, id=348, 1284.8pt x 963.6pt>
File: motor_2_ic.jpg Graphic file (type jpg)
 <use motor_2_ic.jpg>
Package pdftex.def Info: motor_2_ic.jpg used on input line 411.
(pdftex.def)             Requested size: 205.5722pt x 154.17915pt.
File: logo.png Graphic file (type png)

<use logo.png>
Package pdftex.def Info: logo.png used on input line 414.
(pdftex.def)             Requested size: 123.46092pt x 131.49092pt.
File: logo.png Graphic file (type png)
 <use logo.png>
Package pdftex.def Info: logo.png used on input line 414.
(pdftex.def)             Requested size: 28.45274pt x 30.30254pt.
 [17 <./all_components.jpg> <./motor_2_ic.jpg>]
<caster_whiteline.jpg, id=358, 963.6pt x 1284.8pt>
File: caster_whiteline.jpg Graphic file (type jpg)
 <use caster_whiteline.jpg>
Package pdftex.def Info: caster_whiteline.jpg used on input line 418.
(pdftex.def)             Requested size: 154.17915pt x 205.5722pt.

<a_sharp.jpg, id=359, 1284.8pt x 963.6pt>
File: a_sharp.jpg Graphic file (type jpg)
 <use a_sharp.jpg>
Package pdftex.def Info: a_sharp.jpg used on input line 425.
(pdftex.def)             Requested size: 205.5722pt x 154.17915pt.
File: logo.png Graphic file (type png)
 <use logo.png>
Package pdftex.def Info: logo.png used on input line 428.
(pdftex.def)             Requested size: 123.46092pt x 131.49092pt.
File: logo.png Graphic file (type png)

<use logo.png>
Package pdftex.def Info: logo.png used on input line 428.
(pdftex.def)             Requested size: 28.45274pt x 30.30254pt.
 [18 <./caster_whiteline.jpg> <./a_sharp.jpg>]
<buzzer.jpg, id=370, 963.6pt x 1284.8pt>
File: buzzer.jpg Graphic file (type jpg)
 <use buzzer.jpg>
Package pdftex.def Info: buzzer.jpg used on input line 433.
(pdftex.def)             Requested size: 154.17915pt x 205.5722pt.

<tiva_attatched.jpg, id=371, 963.6pt x 1284.8pt>
File: tiva_attatched.jpg Graphic file (type jpg)
 <use tiva_attatched.jpg>
Package pdftex.def Info: tiva_attatched.jpg used on input line 439.
(pdftex.def)             Requested size: 125.2724pt x 167.02986pt.
File: logo.png Graphic file (type png)

<use logo.png>
Package pdftex.def Info: logo.png used on input line 442.
(pdftex.def)             Requested size: 123.46092pt x 131.49092pt.
File: logo.png Graphic file (type png)
 <use logo.png>
Package pdftex.def Info: logo.png used on input line 442.
(pdftex.def)             Requested size: 28.45274pt x 30.30254pt.
 [19 <./buzzer.jpg> <./tiva_attatched.jpg>]
<wh_attatched.jpg, id=381, 963.6pt x 1284.8pt>
File: wh_attatched.jpg Graphic file (type jpg)
 <use wh_attatched.jpg>
Package pdftex.def Info: wh_attatched.jpg used on input line 447.
(pdftex.def)             Requested size: 154.17915pt x 205.5722pt.

<all_connected.jpg, id=382, 1284.8pt x 963.6pt>
File: all_connected.jpg Graphic file (type jpg)
 <use all_connected.jpg>
Package pdftex.def Info: all_connected.jpg used on input line 454.
(pdftex.def)             Requested size: 205.5722pt x 154.17915pt.
File: logo.png Graphic file (type png)

<use logo.png>
Package pdftex.def Info: logo.png used on input line 457.
(pdftex.def)             Requested size: 123.46092pt x 131.49092pt.
File: logo.png Graphic file (type png)
 <use logo.png>
Package pdftex.def Info: logo.png used on input line 457.
(pdftex.def)             Requested size: 28.45274pt x 30.30254pt.
 [20 <./wh_attatched.jpg> <./all_connected.jpg>]
<lcd_a.jpg, id=392, 1284.8pt x 963.6pt>
File: lcd_a.jpg Graphic file (type jpg)
 <use lcd_a.jpg>
Package pdftex.def Info: lcd_a.jpg used on input line 462.
(pdftex.def)             Requested size: 205.5722pt x 154.17915pt.

<xbee_a.jpg, id=393, 963.6pt x 1284.8pt>
File: xbee_a.jpg Graphic file (type jpg)
 <use xbee_a.jpg>
Package pdftex.def Info: xbee_a.jpg used on input line 469.
(pdftex.def)             Requested size: 154.17915pt x 205.5722pt.
File: logo.png Graphic file (type png)
 <use logo.png>
Package pdftex.def Info: logo.png used on input line 472.
(pdftex.def)             Requested size: 123.46092pt x 131.49092pt.
File: logo.png Graphic file (type png)

<use logo.png>
Package pdftex.def Info: logo.png used on input line 472.
(pdftex.def)             Requested size: 28.45274pt x 30.30254pt.
 [21 <./lcd_a.jpg> <./xbee_a.jpg>]
<battery_a.jpg, id=403, 963.6pt x 1284.8pt>
File: battery_a.jpg Graphic file (type jpg)
 <use battery_a.jpg>
Package pdftex.def Info: battery_a.jpg used on input line 477.
(pdftex.def)             Requested size: 154.17915pt x 205.5722pt.
File: robot.jpg Graphic file (type jpg)

<use robot.jpg>
Package pdftex.def Info: robot.jpg used on input line 484.
(pdftex.def)             Requested size: 205.5722pt x 154.17915pt.
File: logo.png Graphic file (type png)
 <use logo.png>
Package pdftex.def Info: logo.png used on input line 487.
(pdftex.def)             Requested size: 123.46092pt x 131.49092pt.
File: logo.png Graphic file (type png)
 <use logo.png>
Package pdftex.def Info: logo.png used on input line 487.
(pdftex.def)             Requested size: 28.45274pt x 30.30254pt.
 [22 <./battery_a.jpg>]
File: logo.png Graphic file (type png)

<use logo.png>
Package pdftex.def Info: logo.png used on input line 505.
(pdftex.def)             Requested size: 123.46092pt x 131.49092pt.
File: logo.png Graphic file (type png)
 <use logo.png>
Package pdftex.def Info: logo.png used on input line 505.
(pdftex.def)             Requested size: 28.45274pt x 30.30254pt.
 [23]
Overfull \hbox (3.46007pt too wide) in paragraph at lines 515--516
[]\OT1/cmr/m/n/12 In main af-ter ini-tial-is-ing all the de-vices call the func
-tion "[]init[]devices()" 
 []


Underfull \hbox (badness 10000) in paragraph at lines 519--520

 []


Underfull \hbox (badness 10000) in paragraph at lines 533--534

 []

File: logo.png Graphic file (type png)
<use logo.png>
Package pdftex.def Info: logo.png used on input line 545.
(pdftex.def)             Requested size: 123.46092pt x 131.49092pt.
File: logo.png Graphic file (type png)
 <use logo.png>
Package pdftex.def Info: logo.png used on input line 545.
(pdftex.def)             Requested size: 28.45274pt x 30.30254pt.
 [24]
File: logo.png Graphic file (type png)
 <use logo.png>
Package pdftex.def Info: logo.png used on input line 550.
(pdftex.def)             Requested size: 123.46092pt x 131.49092pt.
File: logo.png Graphic file (type png)
 <use logo.png>
Package pdftex.def Info: logo.png used on input line 550.
(pdftex.def)             Requested size: 28.45274pt x 30.30254pt.
 [25]
File: logo.png Graphic file (type png)

<use logo.png>
Package pdftex.def Info: logo.png used on input line 562.
(pdftex.def)             Requested size: 123.46092pt x 131.49092pt.
File: logo.png Graphic file (type png)
 <use logo.png>
Package pdftex.def Info: logo.png used on input line 562.
(pdftex.def)             Requested size: 28.45274pt x 30.30254pt.
 [26]
File: logo.png Graphic file (type png)
 <use logo.png>
Package pdftex.def Info: logo.png used on input line 591.
(pdftex.def)             Requested size: 123.46092pt x 131.49092pt.
File: logo.png Graphic file (type png)
 <use logo.png>
Package pdftex.def Info: logo.png used on input line 591.
(pdftex.def)             Requested size: 28.45274pt x 30.30254pt.
 [27]
File: logo.png Graphic file (type png)

<use logo.png>
Package pdftex.def Info: logo.png used on input line 600.
(pdftex.def)             Requested size: 123.46092pt x 131.49092pt.
File: logo.png Graphic file (type png)
 <use logo.png>
Package pdftex.def Info: logo.png used on input line 600.
(pdftex.def)             Requested size: 28.45274pt x 30.30254pt.
 [28]

LaTeX Warning: Empty `thebibliography' environment on input line 604.

File: logo.png Graphic file (type png)
<use logo.png>
Package pdftex.def Info: logo.png used on input line 607.
(pdftex.def)             Requested size: 123.46092pt x 131.49092pt.
 [29

]
Package atveryend Info: Empty hook `BeforeClearDocument' on input line 607.
Package atveryend Info: Empty hook `AfterLastShipout' on input line 607.
 (Robot_State_Collector.aux)
Package atveryend Info: Executing hook `AtVeryEndDocument' on input line 607.
Package atveryend Info: Executing hook `AtEndAfterFileList' on input line 607.
Package rerunfilecheck Info: File `Robot_State_Collector.out' has not changed.
(rerunfilecheck)             Checksum: B4442225ACFD091ABC30E1AB986A9C14;1551.
Package atveryend Info: Empty hook `AtVeryVeryEnd' on input line 607.
 ) 
Here is how much of TeX's memory you used:
 30099 strings out of 493335
 593384 string characters out of 3146173
 688602 words of memory out of 3000000
 33017 multiletter control sequences out of 15000+200000
 11201 words of font info for 40 fonts, out of 3000000 for 9000
 1141 hyphenation exceptions out of 8191
 63i,15n,101p,10593b,860s stack positions out of 5000i,500n,10000p,200000b,50000s
<C:/localtex/fonts/type1/public/amsfonts/cm/cmbx12.pfb><C:/localtex/fonts/typ
e1/public/amsfonts/cm/cmcsc10.pfb><C:/localtex/fonts/type1/public/amsfonts/cm/c
mmi12.pfb><C:/localtex/fonts/type1/public/amsfonts/cm/cmr12.pfb><C:/localtex/fo
nts/type1/public/amsfonts/cm/cmr17.pfb><C:/localtex/fonts/type1/public/amsfonts
/cm/cmsy10.pfb><C:/localtex/fonts/type1/public/amsfonts/cm/cmti12.pfb>
Output written on Robot_State_Collector.pdf (30 pages, 3113704 bytes).
PDF statistics:
 545 PDF objects out of 1000 (max. 8388607)
 173 named destinations out of 1000 (max. 500000)
 505 words of extra memory for PDF output out of 10000 (max. 10000000)

